<?xml version="1.0" encoding="UTF-8"?>
<!-- Generated by org.testng.reporters.JUnitXMLReporter -->
<testsuite ignored="0" hostname="DESKTOP-J0HNUMU" failures="0" tests="6" name="Test" time="0.197" errors="0" timestamp="2025-01-30T17:38:10 IST">
  <testcase classname="rahulshettyacademygit.SeleniumTest" name="BrowserAutomation" time="0.044"/>
  <testcase classname="rahulshettyacademygit.SeleniumTest" name="elementUI" time="0.002"/>
  <testcase classname="rahulshettyacademygit.RESTAPITest" name="deleteTwitter" time="0.004"/>
  <testcase classname="rahulshettyacademygit.RESTAPITest" name="postJira" time="0.001"/>
  <testcase classname="rahulshettyacademygit.AppiumTest" name="iOSApp" time="0.003"/>
  <testcase classname="rahulshettyacademygit.AppiumTest" name="nativeAPPAndroid" time="0.013"/>
</testsuite> <!-- Test -->
