<?xml version="1.0" encoding="UTF-8"?>
<!-- Generated by org.testng.reporters.JUnitXMLReporter -->
<testsuite ignored="0" hostname="DESKTOP-J0HNUMU" failures="0" tests="6" name="Test" time="0.205" errors="0" timestamp="2025-01-26T02:27:47 IST">
  <testcase classname="rahulshettyacademygit.SeleniumTest" name="BrowserAutomation" time="0.027"/>
  <testcase classname="rahulshettyacademygit.SeleniumTest" name="elementUI" time="0.01"/>
  <testcase classname="rahulshettyacademygit.RESTAPITest" name="deleteTwitter" time="0.001"/>
  <testcase classname="rahulshettyacademygit.RESTAPITest" name="postJira" time="0.004"/>
  <testcase classname="rahulshettyacademygit.AppiumTest" name="iOSApp" time="0.006"/>
  <testcase classname="rahulshettyacademygit.AppiumTest" name="nativeAPPAndroid" time="0.008"/>
</testsuite> <!-- Test -->
